c:\projects\dungeonbuilder\dungeonbuilderc\debug\exit_editor.obj
c:\projects\dungeonbuilder\dungeonbuilderc\debug\main_menu.obj
c:\projects\dungeonbuilder\dungeonbuilderc\debug\text_editor.obj
c:\projects\dungeonbuilder\dungeonbuilderc\debug\command_window.obj
c:\projects\dungeonbuilder\dungeonbuilderc\debug\object_editor.obj
c:\projects\dungeonbuilder\dungeonbuilderc\debug\dungeon_display.obj
c:\projects\dungeonbuilder\dungeonbuilderc\debug\utils.obj
c:\projects\dungeonbuilder\dungeonbuilderc\debug\creature_editor.obj
c:\projects\dungeonbuilder\dungeonbuilderc\debug\main.obj
c:\projects\dungeonbuilder\dungeonbuilderc\debug\dungeon_data.obj
c:\projects\dungeonbuilder\dungeonbuilderc\debug\printutils.obj
c:\projects\dungeonbuilder\dungeonbuilderc\debug\room_editor.obj
c:\projects\dungeonbuilder\dungeonbuilderc\debug\dungeon_engine.obj
c:\projects\dungeonbuilder\dungeonbuilderc\debug\vc140.pdb
c:\projects\dungeonbuilder\debug\dungeonbuilderc.ilk
c:\projects\dungeonbuilder\debug\dungeonbuilderc.exe
c:\projects\dungeonbuilder\debug\dungeonbuilderc.pdb
c:\projects\dungeonbuilder\dungeonbuilderc\debug\vc140.idb
c:\projects\dungeonbuilder\dungeonbuilderc\debug\dungeonbuilderc.tlog\cl.10948.write.1.tlog
c:\projects\dungeonbuilder\dungeonbuilderc\debug\dungeonbuilderc.tlog\cl.command.1.tlog
c:\projects\dungeonbuilder\dungeonbuilderc\debug\dungeonbuilderc.tlog\cl.read.1.tlog
c:\projects\dungeonbuilder\dungeonbuilderc\debug\dungeonbuilderc.tlog\link.command.1.tlog
c:\projects\dungeonbuilder\dungeonbuilderc\debug\dungeonbuilderc.tlog\link.read.1.tlog
c:\projects\dungeonbuilder\dungeonbuilderc\debug\dungeonbuilderc.tlog\link.write.1.tlog
